{
  "logFormatVersion": 1,
  "jobId": "92faf4ce-170b-4e8d-a8d0-66e41980f698",
  "status": "Invalid",
  "statusSummary": "Archive contains critical validation errors",
  "statusCode": 4000,
  "archiveFilename": "darwinbuild-installer.pkg",
  "uploadDate": "2019-08-02T00:04:40Z",
  "sha256": "d4249b96ea9635deffaa141af336655485ac60846bc8948c2d011ed1b984e724",
  "ticketContents": null,
  "issues": [
    {
      "severity": "error",
      "code": null,
      "path": "darwinbuild-installer.pkg/darwinbuild-component.pkg Contents/Payload/usr/local/bin/darwinxref",
      "message": "The binary is not signed with a valid Developer ID certificate.",
      "docUrl": null,
      "architecture": "x86_64"
    },
    {
      "severity": "error",
      "code": null,
      "path": "darwinbuild-installer.pkg/darwinbuild-component.pkg Contents/Payload/usr/local/bin/darwinxref",
      "message": "The signature does not include a secure timestamp.",
      "docUrl": null,
      "architecture": "x86_64"
    },
    {
      "severity": "error",
      "code": null,
      "path": "darwinbuild-installer.pkg/darwinbuild-component.pkg Contents/Payload/usr/local/share/darwinbuild/digest",
      "message": "The binary is not signed with a valid Developer ID certificate.",
      "docUrl": null,
      "architecture": "x86_64"
    },
    {
      "severity": "error",
      "code": null,
      "path": "darwinbuild-installer.pkg/darwinbuild-component.pkg Contents/Payload/usr/local/share/darwinbuild/digest",
      "message": "The signature does not include a secure timestamp.",
      "docUrl": null,
      "architecture": "x86_64"
    },
    {
      "severity": "error",
      "code": null,
      "path": "darwinbuild-installer.pkg/darwinbuild-component.pkg Contents/Payload/usr/local/share/darwinbuild/manifest",
      "message": "The binary is not signed with a valid Developer ID certificate.",
      "docUrl": null,
      "architecture": "x86_64"
    },
    {
      "severity": "error",
      "code": null,
      "path": "darwinbuild-installer.pkg/darwinbuild-component.pkg Contents/Payload/usr/local/share/darwinbuild/manifest",
      "message": "The signature does not include a secure timestamp.",
      "docUrl": null,
      "architecture": "x86_64"
    }
  ]
}