This file contains any messages produced by compilers while
running configure, to aid debugging if configure makes a mistake.

It was created by OpenSSH configure Portable, which was
generated by GNU Autoconf 2.61.  Invocation command line was

  $ /SourceCache/OpenSSH/OpenSSH-142/openssh/configure --prefix=/usr --mandir=/usr/share/man --infodir=/usr/share/info --disable-dependency-tracking --sysconfdir=/etc --disable-suid-ssh --with-ssl-dir=/usr/include/openssl --with-random=/dev/urandom --with-tcp-wrappers --with-pam --with-kerberos5 --without-zlib-version-check --with-4in6 --with-audit=bsm CPPFLAGS=-D__APPLE_SACL__ -D_UTMPX_COMPAT -D__APPLE_UTMPX__ -DUSE_CCAPI -D__APPLE_LAUNCHD__ -D__APPLE_MEMBERSHIP__ -D__APPLE_SANDBOX_PRIVSEP_CHILDREN__ -D__APPLE_CROSS_REALM__ -D__APPLE_XSAN__ --with-keychain=apple --disable-libutil --disable-utmp --disable-wtmp --with-privsep-user=_sshd

## --------- ##
## Platform. ##
## --------- ##

hostname = clau-solace
uname -m = x86_64
uname -r = 10.0
uname -s = Darwin
uname -v = Darwin Kernel Version 10.2.0: Tue Nov  3 10:35:19 PST 2009; root:xnu-1486.2.11~1/RELEASE_X86_64

/usr/bin/uname -p = i386
/bin/uname -X     = unknown

/bin/arch              = unknown
/usr/bin/arch -k       = unknown
/usr/convex/getsysinfo = unknown
/usr/bin/hostinfo      = Mach kernel version:
	 Darwin Kernel Version 10.2.0: Tue Nov  3 10:35:19 PST 2009; root:xnu-1486.2.11~1/RELEASE_X86_64
Kernel configured for up to 2 processors.
2 processors are physically available.
2 processors are logically available.
Processor type: i486 (Intel 80486)
Processors active: 0 1
Primary memory available: 4.00 gigabytes
Default processor set: 134 tasks, 533 threads, 2 processors
Load average: 0.94, Mach factor: 1.08
/bin/machine           = unknown
/usr/bin/oslevel       = unknown
/bin/universe          = unknown

PATH: /bin
PATH: /sbin
PATH: /usr/bin
PATH: /usr/sbin/
PATH: /usr/local/bin
PATH: /usr/local/sbin


## ----------- ##
## Core tests. ##
## ----------- ##

configure:1865: checking for gcc
configure:1892: result: /usr/bin/llvm-gcc-4.2
configure:2130: checking for C compiler version
configure:2137: /usr/bin/llvm-gcc-4.2 --version >&5
/SourceCache/OpenSSH/OpenSSH-142/openssh/configure: line 2138: /usr/bin/llvm-gcc-4.2: No such file or directory
configure:2140: $? = 127
configure:2147: /usr/bin/llvm-gcc-4.2 -v >&5
/SourceCache/OpenSSH/OpenSSH-142/openssh/configure: line 2148: /usr/bin/llvm-gcc-4.2: No such file or directory
configure:2150: $? = 127
configure:2157: /usr/bin/llvm-gcc-4.2 -V >&5
/SourceCache/OpenSSH/OpenSSH-142/openssh/configure: line 2158: /usr/bin/llvm-gcc-4.2: No such file or directory
configure:2160: $? = 127
configure:2183: checking for C compiler default output file name
configure:2210: /usr/bin/llvm-gcc-4.2 -arch i386 -arch x86_64 -g -Os -pipe -fPIE -D_FORTIFY_SOURCE=2 -D__APPLE_SACL__ -D_UTMPX_COMPAT -D__APPLE_UTMPX__ -DUSE_CCAPI -D__APPLE_LAUNCHD__ -D__APPLE_MEMBERSHIP__ -D__APPLE_SANDBOX_PRIVSEP_CHILDREN__ -D__APPLE_CROSS_REALM__ -D__APPLE_XSAN__ -arch i386 -arch x86_64            -L. -Lopenbsd-compat -Wl,-pie -framework CoreFoundation -framework OpenDirectory -lresolv conftest.c  >&5
/SourceCache/OpenSSH/OpenSSH-142/openssh/configure: line 2211: /usr/bin/llvm-gcc-4.2: No such file or directory
configure:2213: $? = 127
configure:2251: result: 
configure: failed program was:
| /* confdefs.h.  */
| #define PACKAGE_NAME "OpenSSH"
| #define PACKAGE_TARNAME "openssh"
| #define PACKAGE_VERSION "Portable"
| #define PACKAGE_STRING "OpenSSH Portable"
| #define PACKAGE_BUGREPORT "openssh-unix-dev@mindrot.org"
| /* end confdefs.h.  */
| 
| int
| main ()
| {
| 
|   ;
|   return 0;
| }
configure:2258: error: C compiler cannot create executables
See `config.log' for more details.

## ---------------- ##
## Cache variables. ##
## ---------------- ##

ac_cv_env_CC_set=set
ac_cv_env_CC_value=/usr/bin/llvm-gcc-4.2
ac_cv_env_CFLAGS_set=set
ac_cv_env_CFLAGS_value='-arch i386 -arch x86_64 -g -Os -pipe -fPIE -D_FORTIFY_SOURCE=2'
ac_cv_env_CPPFLAGS_set=set
ac_cv_env_CPPFLAGS_value='-D__APPLE_SACL__ -D_UTMPX_COMPAT -D__APPLE_UTMPX__ -DUSE_CCAPI -D__APPLE_LAUNCHD__ -D__APPLE_MEMBERSHIP__ -D__APPLE_SANDBOX_PRIVSEP_CHILDREN__ -D__APPLE_CROSS_REALM__ -D__APPLE_XSAN__'
ac_cv_env_CPP_set=
ac_cv_env_CPP_value=
ac_cv_env_LDFLAGS_set=set
ac_cv_env_LDFLAGS_value='-arch i386 -arch x86_64            -L. -Lopenbsd-compat -Wl,-pie -framework CoreFoundation -framework OpenDirectory -lresolv'
ac_cv_env_LIBS_set=
ac_cv_env_LIBS_value=
ac_cv_env_build_alias_set=
ac_cv_env_build_alias_value=
ac_cv_env_host_alias_set=
ac_cv_env_host_alias_value=
ac_cv_env_target_alias_set=
ac_cv_env_target_alias_value=
ac_cv_prog_ac_ct_CC=/usr/bin/llvm-gcc-4.2

## ----------------- ##
## Output variables. ##
## ----------------- ##

AR=''
AWK=''
CAT=''
CC='/usr/bin/llvm-gcc-4.2'
CFLAGS='-arch i386 -arch x86_64 -g -Os -pipe -fPIE -D_FORTIFY_SOURCE=2'
CPP=''
CPPFLAGS='-D__APPLE_SACL__ -D_UTMPX_COMPAT -D__APPLE_UTMPX__ -DUSE_CCAPI -D__APPLE_LAUNCHD__ -D__APPLE_MEMBERSHIP__ -D__APPLE_SANDBOX_PRIVSEP_CHILDREN__ -D__APPLE_CROSS_REALM__ -D__APPLE_XSAN__'
DEFS=''
ECHO_C='ECHO_N=''
ECHO_T=''
EGREP=''
ENT=''
EXEEXT=''
GREP=''
INSTALL_DATA=''
INSTALL_PROGRAM=''
INSTALL_SCRIPT=''
INSTALL_SSH_PRNG_CMDS=''
INSTALL_SSH_RAND_HELPER=''
KEYCHAIN_LDFLAGS=''
KILL=''
LD=''
LDFLAGS='-arch i386 -arch x86_64            -L. -Lopenbsd-compat -Wl,-pie -framework CoreFoundation -framework OpenDirectory -lresolv'
LIBEDIT=''
LIBOBJS=''
LIBS=''
LOGIN_PROGRAM_FALLBACK=''
LTLIBOBJS=''
MAKE_PACKAGE_SUPPORTED=''
MANTYPE=''
NROFF=''
OBJEXT=''
OPENSC_CONFIG=''
PACKAGE_BUGREPORT='openssh-unix-dev@mindrot.org'
PACKAGE_NAME='OpenSSH'
PACKAGE_STRING='OpenSSH Portable'
PACKAGE_TARNAME='openssh'
PACKAGE_VERSION='Portable'
PATH_GROUPADD_PROG=''
PATH_PASSWD_PROG=''
PATH_SEPARATOR=':'
PATH_USERADD_PROG=''
PERL=''
PRIVSEP_PATH=''
PROG_ARP=''
PROG_DF=''
PROG_IFCONFIG=''
PROG_IPCS=''
PROG_JSTAT=''
PROG_LAST=''
PROG_LASTLOG=''
PROG_LS=''
PROG_NETSTAT=''
PROG_PS=''
PROG_SAR=''
PROG_TAIL=''
PROG_UPTIME=''
PROG_VMSTAT=''
PROG_W=''
PROG_WHO=''
RANLIB=''
SED=''
SH=''
SHELL='/bin/sh'
SSHDLIBS=''
SSH_PRIVSEP_USER=''
STARTUP_SCRIPT_SHELL=''
STRIP_OPT=''
TEST_MINUS_S_SH=''
TEST_SHELL=''
TEST_SSH_IPV6=''
XAUTH_PATH=''
ac_ct_CC='/usr/bin/llvm-gcc-4.2'
bindir='${exec_prefix}/bin'
build=''
build_alias=''
build_cpu=''
build_os=''
build_vendor=''
datadir='${datarootdir}'
datarootdir='${prefix}/share'
docdir='${datarootdir}/doc/${PACKAGE_TARNAME}'
dvidir='${docdir}'
exec_prefix='NONE'
host=''
host_alias=''
host_cpu=''
host_os=''
host_vendor=''
htmldir='${docdir}'
includedir='${prefix}/include'
infodir='/usr/share/info'
libdir='${exec_prefix}/lib'
libexecdir='${exec_prefix}/libexec'
localedir='${datarootdir}/locale'
localstatedir='${prefix}/var'
mandir='/usr/share/man'
mansubdir=''
oldincludedir='/usr/include'
pdfdir='${docdir}'
piddir=''
prefix='/usr'
program_transform_name='s,x,x,'
psdir='${docdir}'
sbindir='${exec_prefix}/sbin'
sharedstatedir='${prefix}/com'
sysconfdir='/etc'
target_alias=''
user_path=''
xauth_path=''

## ----------- ##
## confdefs.h. ##
## ----------- ##

#define PACKAGE_NAME "OpenSSH"
#define PACKAGE_TARNAME "openssh"
#define PACKAGE_VERSION "Portable"
#define PACKAGE_STRING "OpenSSH Portable"
#define PACKAGE_BUGREPORT "openssh-unix-dev@mindrot.org"

configure: exit 77
